MPASM  5.43                          MAIN.ASM   12-25-2018  22:09:43         PAGE  1


LOC  OBJECT CODE     LINE SOURCE TEXT
  VALUE

                      00001 #include "P16F877A.INC"
                      00001         LIST
                      00002 
                      00003 ;==========================================================================
                      00004 ;  MPASM PIC16F877A processor include
                      00005 ; 
                      00006 ;  (c) Copyright 1999-2011 Microchip Technology, All rights reserved
                      00007 ;==========================================================================
                      00008 
                      00564         LIST
                      00002 
Warning[205]: Found directive in column 1. (__CONFIG)
2007   3FF2           00003 __CONFIG(_CP_OFF&_PWRTE_ON&_WDT_OFF&_HS_OSC)
                      00004 
  00000020            00005 VALUE EQU 20h
  00000028            00006 MASK EQU 28h
  00000022            00007 indicator EQU 22h
  00000023            00008 ws EQU 23h
  00000025            00009 count0 equ 25h  ; задаЄм символьные обозначение €чеек пам€ти, расположенных по адресам 25h, 26h, 27h 
  00000026            00010 count1 equ 26h
  00000027            00011 count2 equ 27h
                      00012 
Warning[205]: Found directive in column 1. (ORG)
0000                  00013 ORG 0
Warning[203]: Found opcode in column 1. (GOTO)
0000   2810           00014 GOTO Start
                      00015 
Warning[205]: Found directive in column 1. (ORG)
0004                  00016 ORG 4
Warning[203]: Found opcode in column 1. (goto)
0004   2824           00017 goto interrupt ;обработчик прерывани€
                      00018 
                      00019 
0005                  00020 array: ;массив битовых масок дл€ индикатора
0005   0782           00021         ADDWF PCL, F
0006   3410           00022         RETLW B'00010000' ;0
0007   345B           00023         RETLW B'01011011' ;1
0008   340C           00024         RETLW B'00001100' ;2
0009   3409           00025         RETLW B'00001001' ;3
000A   3443           00026         RETLW B'01000011' ;4
000B   3421           00027         RETLW B'00100001' ;5
000C   3420           00028         RETLW B'00100000' ;6
000D   341B           00029         RETLW B'00011011' ;7
000E   3400           00030         RETLW B'00000000' ;8
000F   3401           00031         RETLW B'00000001' ;9
                      00032 
                      00033 
0010                  00034 Start:
                      00035 
0010   1683           00036         bsf STATUS,RP0                  ;переходим в банк 1
Message[302]: Register in operand not in bank 0.  Ensure that bank bits are correct.
0011   1181           00037         BCF OPTION_REG,PSA ; 0-прескаллер дл€ tmr0
Message[302]: Register in operand not in bank 0.  Ensure that bank bits are correct.
MPASM  5.43                          MAIN.ASM   12-25-2018  22:09:43         PAGE  2


LOC  OBJECT CODE     LINE SOURCE TEXT
  VALUE

0012   1281           00038         BCF OPTION_REG,T0CS ;T0CS = 0 - работает от внешнего входа RA1/T0CKI
Message[302]: Register in operand not in bank 0.  Ensure that bank bits are correct.
0013   0187           00039         CLRF TRISC
Message[302]: Register in operand not in bank 0.  Ensure that bank bits are correct.
0014   1706           00040         BSF TRISB,6 ;кнопка                             
0015   1283           00041         BCF STATUS,RP0  ;переходим в банк 0     
0016   168B           00042         BSF INTCON,T0IE  ;разрешение прерываний по переполнению от TMR0.
0017   178B           00043         BSF INTCON,GIE ;глобальное разрешение прерываний.
0018   3080           00044         MOVLW 0x80
0019   00A8           00045         MOVWF MASK
001A   01A2           00046         CLRF indicator
                      00047 
001B                  00048 MainLoop:
                      00049         
001B   202C           00050         CALL XOR10
001C   0822           00051         MOVFW indicator
001D   2005           00052         CALL array 
001E   00A0           00053         MOVWF VALUE
001F   2053           00054         CALL delay
0020   1F06           00055         BTFSS PORTB,6 ;нажатие кнопки
0021   2832           00056         GOTO BUTTON_CLICK
0022   0AA2           00057         INCF indicator,1
                      00058 
Warning[203]: Found opcode in column 1. (GOTO)
0023   281B           00059 GOTO MainLoop
                      00060 
0024                  00061 interrupt:
Warning[203]: Found opcode in column 1. (BCF)
0024   110B           00062 BCF INTCON,T0IF ;опускаем флаг счетчика
Warning[204]: Found pseudo-op in column 1. (MOVFW)
0025   0828           00063 MOVFW MASK ; записываем в акк '10000000'(положение индикатора)
Warning[203]: Found opcode in column 1. (ANDWF)
0026   0587           00064 ANDWF PORTC,F ;очистка 
                      00065 
Warning[204]: Found pseudo-op in column 1. (MOVFW)
0027   0820           00066 MOVFW VALUE 
Warning[203]: Found opcode in column 1. (XORWF)
0028   0687           00067 XORWF PORTC,F ;выводим правый индикатор
                      00068 
Warning[204]: Found pseudo-op in column 1. (MOVFW)
0029   0828           00069 MOVFW MASK 
Warning[203]: Found opcode in column 1. (XORWF)
002A   0687           00070 XORWF PORTC,F ;выводим левый индикатор
Warning[203]: Found opcode in column 1. (RETFIE)
002B   0009           00071 RETFIE ;возврат из прерывани€
                      00072 
002C                  00073 XOR10:;;if(indicator=10)
                      00074 
002C   0822           00075     MOVF indicator,W 
002D   1103           00076     BCF  STATUS,Z 
002E   3A0A           00077     XORLW .10    
002F   1903           00078     BTFSC  STATUS,Z 
0030   2810           00079         GOTO Start
MPASM  5.43                          MAIN.ASM   12-25-2018  22:09:43         PAGE  3


LOC  OBJECT CODE     LINE SOURCE TEXT
  VALUE

0031   0008           00080         RETURN
                      00081 
0032                  00082 BUTTON_CLICK:
                      00083 
Warning[207]: Found label after column 1. (WAITBUTTON)
0032                  00084         WAITBUTTON:
0032   1F06           00085         BTFSS PORTB,6 ;нажатие кнопки
0033   2832           00086         GOTO WAITBUTTON
                      00087         ;умножаем число на 2
0034   0822           00088         MOVF indicator,W 
0035   07A2           00089         ADDWF indicator,1
                      00090         ;получаем mod 10 числа
0036   1103           00091         BCF  STATUS,Z ;опускаем флаг z
0037   00A3           00092         MOVWF ws ;сохран€ем аккумул€тор
0038   3A05           00093         XORLW .5 ;сключающее или аккумул€тора и числа 5
0039   1903           00094         BTFSC  STATUS,Z ;если числа совпадают
003A   2850           00095         GOTO MOD ;переходим на метку MOD 
003B   0823           00096         MOVF ws,W
003C   1103           00097         BCF  STATUS,Z
003D   3A06           00098         XORLW .6 
003E   1903           00099         BTFSC  STATUS,Z
003F   2850           00100         GOTO MOD
0040   0823           00101         MOVF ws,W
0041   1103           00102         BCF  STATUS,Z
0042   3A07           00103         XORLW .7 
0043   1903           00104         BTFSC  STATUS,Z
0044   2850           00105         GOTO MOD
0045   0823           00106         MOVF ws,W
0046   1103           00107         BCF  STATUS,Z
0047   3A08           00108         XORLW .8 
0048   1903           00109         BTFSC  STATUS,Z
0049   2850           00110         GOTO MOD
004A   0823           00111         MOVF ws,W
004B   1103           00112         BCF  STATUS,Z
004C   3A09           00113         XORLW .9 
004D   1903           00114         BTFSC  STATUS,Z
004E   2850           00115         GOTO MOD
                      00116 
Warning[203]: Found opcode in column 1. (GOTO)
004F   281B           00117 GOTO MainLoop   ;переходим в основной цикл
                      00118 
0050                  00119 MOD: ;получаем MOD10 числа 
0050   300A           00120         MOVLW .10
0051   02A2           00121         SUBWF indicator,F
0052   281B           00122         GOTO MainLoop
                      00123 
0053                  00124 delay: ;подпрограмма задержки
0053   300C           00125         MOVLW 0xc
0054   00A5           00126         MOVWF count0
0055   30FF           00127         MOVLW 0xff
Warning[207]: Found label after column 1. (loop0)
0056                  00128         loop0:
0056   00A6           00129         MOVWF count1
MPASM  5.43                          MAIN.ASM   12-25-2018  22:09:43         PAGE  4


LOC  OBJECT CODE     LINE SOURCE TEXT
  VALUE

Warning[207]: Found label after column 1. (loop1)
0057                  00130         loop1:
0057   00A7           00131         MOVWF count2
Warning[207]: Found label after column 1. (loop2)
0058                  00132         loop2:
0058   0BA7           00133         DECFSZ count2,F
0059   2858           00134         GOTO loop2 ; переход на метку loop2
                      00135 
005A   0BA6           00136         DECFSZ count1,F
005B   2857           00137         GOTO loop1
005C   0BA5           00138         DECFSZ count0,F
005D   2856           00139         GOTO loop0
Warning[203]: Found opcode in column 1. (RETURN)
005E   0008           00140 RETURN
                      00141 
Warning[205]: Found directive in column 1. (END)
                      00142 END
MPASM  5.43                          MAIN.ASM   12-25-2018  22:09:43         PAGE  5


SYMBOL TABLE
  LABEL                             VALUE 

ACKDT                             00000005
ACKEN                             00000004
ACKSTAT                           00000006
ADCON0                            0000001F
ADCON1                            0000009F
ADCS0                             00000006
ADCS1                             00000007
ADCS2                             00000006
ADDEN                             00000003
ADFM                              00000007
ADIE                              00000006
ADIF                              00000006
ADON                              00000000
ADRESH                            0000001E
ADRESL                            0000009E
BCLIE                             00000003
BCLIF                             00000003
BF                                00000000
BRGH                              00000002
BUTTON_CLICK                      00000032
C                                 00000000
C1INV                             00000004
C1OUT                             00000006
C2INV                             00000005
C2OUT                             00000007
CCP1CON                           00000017
CCP1IE                            00000002
CCP1IF                            00000002
CCP1M0                            00000000
CCP1M1                            00000001
CCP1M2                            00000002
CCP1M3                            00000003
CCP1X                             00000005
CCP1Y                             00000004
CCP2CON                           0000001D
CCP2IE                            00000000
CCP2IF                            00000000
CCP2M0                            00000000
CCP2M1                            00000001
CCP2M2                            00000002
CCP2M3                            00000003
CCP2X                             00000005
CCP2Y                             00000004
CCPR1                             00000015
CCPR1H                            00000016
CCPR1L                            00000015
CCPR2                             0000001B
CCPR2H                            0000001C
CCPR2L                            0000001B
CHS0                              00000003
CHS1                              00000004
CHS2                              00000005
CIS                               00000003
MPASM  5.43                          MAIN.ASM   12-25-2018  22:09:43         PAGE  6


SYMBOL TABLE
  LABEL                             VALUE 

CKE                               00000006
CKP                               00000004
CM0                               00000000
CM1                               00000001
CM2                               00000002
CMCON                             0000009C
CMIE                              00000006
CMIF                              00000006
CREN                              00000004
CSRC                              00000007
CVR0                              00000000
CVR1                              00000001
CVR2                              00000002
CVR3                              00000003
CVRCON                            0000009D
CVREN                             00000007
CVROE                             00000006
CVRR                              00000005
D                                 00000005
DATA_ADDRESS                      00000005
DC                                00000001
D_A                               00000005
D_NOT_A                           00000005
EEADR                             0000010D
EEADRH                            0000010F
EECON1                            0000018C
EECON2                            0000018D
EEDATA                            0000010C
EEDATH                            0000010E
EEIE                              00000004
EEIF                              00000004
EEPGD                             00000007
F                                 00000001
FERR                              00000002
FSR                               00000004
GCEN                              00000007
GIE                               00000007
GO                                00000002
GO_DONE                           00000002
GO_NOT_DONE                       00000002
I2C_DATA                          00000005
I2C_READ                          00000002
I2C_START                         00000003
I2C_STOP                          00000004
IBF                               00000007
IBOV                              00000005
INDF                              00000000
INTCON                            0000000B
INTE                              00000004
INTEDG                            00000006
INTF                              00000001
IRP                               00000007
MASK                              00000028
MPASM  5.43                          MAIN.ASM   12-25-2018  22:09:43         PAGE  7


SYMBOL TABLE
  LABEL                             VALUE 

MOD                               00000050
MainLoop                          0000001B
NOT_A                             00000005
NOT_ADDRESS                       00000005
NOT_BO                            00000000
NOT_BOR                           00000000
NOT_DONE                          00000002
NOT_PD                            00000003
NOT_POR                           00000001
NOT_RBPU                          00000007
NOT_RC8                           00000006
NOT_T1SYNC                        00000002
NOT_TO                            00000004
NOT_TX8                           00000006
NOT_W                             00000002
NOT_WRITE                         00000002
OBF                               00000006
OERR                              00000001
OPTION_REG                        00000081
P                                 00000004
PCFG0                             00000000
PCFG1                             00000001
PCFG2                             00000002
PCFG3                             00000003
PCL                               00000002
PCLATH                            0000000A
PCON                              0000008E
PEIE                              00000006
PEN                               00000002
PIE1                              0000008C
PIE2                              0000008D
PIR1                              0000000C
PIR2                              0000000D
PORTA                             00000005
PORTB                             00000006
PORTC                             00000007
PORTD                             00000008
PORTE                             00000009
PR2                               00000092
PS0                               00000000
PS1                               00000001
PS2                               00000002
PSA                               00000003
PSPIE                             00000007
PSPIF                             00000007
PSPMODE                           00000004
R                                 00000002
RA0                               00000000
RA1                               00000001
RA2                               00000002
RA3                               00000003
RA4                               00000004
RA5                               00000005
MPASM  5.43                          MAIN.ASM   12-25-2018  22:09:43         PAGE  8


SYMBOL TABLE
  LABEL                             VALUE 

RB0                               00000000
RB1                               00000001
RB2                               00000002
RB3                               00000003
RB4                               00000004
RB5                               00000005
RB6                               00000006
RB7                               00000007
RBIE                              00000003
RBIF                              00000000
RC0                               00000000
RC1                               00000001
RC2                               00000002
RC3                               00000003
RC4                               00000004
RC5                               00000005
RC6                               00000006
RC7                               00000007
RC8_9                             00000006
RC9                               00000006
RCD8                              00000000
RCEN                              00000003
RCIE                              00000005
RCIF                              00000005
RCREG                             0000001A
RCSTA                             00000018
RD                                00000000
RD0                               00000000
RD1                               00000001
RD2                               00000002
RD3                               00000003
RD4                               00000004
RD5                               00000005
RD6                               00000006
RD7                               00000007
RE0                               00000000
RE1                               00000001
RE2                               00000002
READ_WRITE                        00000002
RP0                               00000005
RP1                               00000006
RSEN                              00000001
RX9                               00000006
RX9D                              00000000
R_NOT_W                           00000002
R_W                               00000002
S                                 00000003
SEN                               00000000
SMP                               00000007
SPBRG                             00000099
SPEN                              00000007
SREN                              00000005
SSPADD                            00000093
MPASM  5.43                          MAIN.ASM   12-25-2018  22:09:43         PAGE  9


SYMBOL TABLE
  LABEL                             VALUE 

SSPBUF                            00000013
SSPCON                            00000014
SSPCON2                           00000091
SSPEN                             00000005
SSPIE                             00000003
SSPIF                             00000003
SSPM0                             00000000
SSPM1                             00000001
SSPM2                             00000002
SSPM3                             00000003
SSPOV                             00000006
SSPSTAT                           00000094
STATUS                            00000003
SYNC                              00000004
Start                             00000010
T0CS                              00000005
T0IE                              00000005
T0IF                              00000002
T0SE                              00000004
T1CKPS0                           00000004
T1CKPS1                           00000005
T1CON                             00000010
T1INSYNC                          00000002
T1OSCEN                           00000003
T1SYNC                            00000002
T2CKPS0                           00000000
T2CKPS1                           00000001
T2CON                             00000012
TMR0                              00000001
TMR0IE                            00000005
TMR0IF                            00000002
TMR1CS                            00000001
TMR1H                             0000000F
TMR1IE                            00000000
TMR1IF                            00000000
TMR1L                             0000000E
TMR1ON                            00000000
TMR2                              00000011
TMR2IE                            00000001
TMR2IF                            00000001
TMR2ON                            00000002
TOUTPS0                           00000003
TOUTPS1                           00000004
TOUTPS2                           00000005
TOUTPS3                           00000006
TRISA                             00000085
TRISA0                            00000000
TRISA1                            00000001
TRISA2                            00000002
TRISA3                            00000003
TRISA4                            00000004
TRISA5                            00000005
TRISB                             00000086
MPASM  5.43                          MAIN.ASM   12-25-2018  22:09:43         PAGE 10


SYMBOL TABLE
  LABEL                             VALUE 

TRISB0                            00000000
TRISB1                            00000001
TRISB2                            00000002
TRISB3                            00000003
TRISB4                            00000004
TRISB5                            00000005
TRISB6                            00000006
TRISB7                            00000007
TRISC                             00000087
TRISC0                            00000000
TRISC1                            00000001
TRISC2                            00000002
TRISC3                            00000003
TRISC4                            00000004
TRISC5                            00000005
TRISC6                            00000006
TRISC7                            00000007
TRISD                             00000088
TRISD0                            00000000
TRISD1                            00000001
TRISD2                            00000002
TRISD3                            00000003
TRISD4                            00000004
TRISD5                            00000005
TRISD6                            00000006
TRISD7                            00000007
TRISE                             00000089
TRISE0                            00000000
TRISE1                            00000001
TRISE2                            00000002
TRMT                              00000001
TX8_9                             00000006
TX9                               00000006
TX9D                              00000000
TXD8                              00000000
TXEN                              00000005
TXIE                              00000004
TXIF                              00000004
TXREG                             00000019
TXSTA                             00000098
UA                                00000001
VALUE                             00000020
W                                 00000000
WAITBUTTON                        00000032
WCOL                              00000007
WR                                00000001
WREN                              00000002
WRERR                             00000003
XOR10                             0000002C
Z                                 00000002
_BODEN_OFF                        00003FBF
_BODEN_ON                         00003FFF
_BOREN_OFF                        00003FBF
MPASM  5.43                          MAIN.ASM   12-25-2018  22:09:43         PAGE 11


SYMBOL TABLE
  LABEL                             VALUE 

_BOREN_ON                         00003FFF
_CONFIG                           00002007
_CPD_OFF                          00003FFF
_CPD_ON                           00003EFF
_CP_ALL                           00001FFF
_CP_OFF                           00003FFF
_CP_ON                            00001FFF
_DEBUG_OFF                        00003FFF
_DEBUG_ON                         000037FF
_DEVID1                           00002006
_FOSC_EXTRC                       00003FFF
_FOSC_HS                          00003FFE
_FOSC_LP                          00003FFC
_FOSC_XT                          00003FFD
_HS_OSC                           00003FFE
_IDLOC0                           00002000
_IDLOC1                           00002001
_IDLOC2                           00002002
_IDLOC3                           00002003
_LP_OSC                           00003FFC
_LVP_OFF                          00003F7F
_LVP_ON                           00003FFF
_PWRTE_OFF                        00003FFF
_PWRTE_ON                         00003FF7
_RC_OSC                           00003FFF
_WDTE_OFF                         00003FFB
_WDTE_ON                          00003FFF
_WDT_OFF                          00003FFB
_WDT_ON                           00003FFF
_WRT_1FOURTH                      00003BFF
_WRT_256                          00003DFF
_WRT_HALF                         000039FF
_WRT_OFF                          00003FFF
_XT_OSC                           00003FFD
__16F877A                         00000001
__DEBUG                           1
array                             00000005
count0                            00000025
count1                            00000026
count2                            00000027
delay                             00000053
indicator                         00000022
interrupt                         00000024
loop0                             00000056
loop1                             00000057
loop2                             00000058
ws                                00000023
MPASM  5.43                          MAIN.ASM   12-25-2018  22:09:43         PAGE 12


MEMORY USAGE MAP ('X' = Used,  '-' = Unused)


0000 : X---XXXXXXXXXXXX XXXXXXXXXXXXXXXX XXXXXXXXXXXXXXXX XXXXXXXXXXXXXXXX
0040 : XXXXXXXXXXXXXXXX XXXXXXXXXXXXXXX- ---------------- ----------------
2000 : -------X-------- ---------------- ---------------- ----------------

All other memory blocks unused.

Program Memory Words Used:    92
Program Memory Words Free:  8100


Errors   :     0
Warnings :    21 reported,     0 suppressed
Messages :     4 reported,     0 suppressed

