Warning[205] D:\MAX\PIC16F877A-LAB3-\MAIN.ASM 3 : Found directive in column 1. (__CONFIG)
Warning[205] D:\MAX\PIC16F877A-LAB3-\MAIN.ASM 13 : Found directive in column 1. (ORG)
Warning[203] D:\MAX\PIC16F877A-LAB3-\MAIN.ASM 14 : Found opcode in column 1. (GOTO)
Warning[205] D:\MAX\PIC16F877A-LAB3-\MAIN.ASM 16 : Found directive in column 1. (ORG)
Warning[203] D:\MAX\PIC16F877A-LAB3-\MAIN.ASM 17 : Found opcode in column 1. (goto)
Message[302] D:\MAX\PIC16F877A-LAB3-\MAIN.ASM 37 : Register in operand not in bank 0.  Ensure that bank bits are correct.
Message[302] D:\MAX\PIC16F877A-LAB3-\MAIN.ASM 38 : Register in operand not in bank 0.  Ensure that bank bits are correct.
Message[302] D:\MAX\PIC16F877A-LAB3-\MAIN.ASM 39 : Register in operand not in bank 0.  Ensure that bank bits are correct.
Message[302] D:\MAX\PIC16F877A-LAB3-\MAIN.ASM 40 : Register in operand not in bank 0.  Ensure that bank bits are correct.
Warning[203] D:\MAX\PIC16F877A-LAB3-\MAIN.ASM 59 : Found opcode in column 1. (GOTO)
Warning[203] D:\MAX\PIC16F877A-LAB3-\MAIN.ASM 62 : Found opcode in column 1. (BCF)
Warning[204] D:\MAX\PIC16F877A-LAB3-\MAIN.ASM 63 : Found pseudo-op in column 1. (MOVFW)
Warning[203] D:\MAX\PIC16F877A-LAB3-\MAIN.ASM 64 : Found opcode in column 1. (ANDWF)
Warning[204] D:\MAX\PIC16F877A-LAB3-\MAIN.ASM 66 : Found pseudo-op in column 1. (MOVFW)
Warning[203] D:\MAX\PIC16F877A-LAB3-\MAIN.ASM 67 : Found opcode in column 1. (XORWF)
Warning[204] D:\MAX\PIC16F877A-LAB3-\MAIN.ASM 69 : Found pseudo-op in column 1. (MOVFW)
Warning[203] D:\MAX\PIC16F877A-LAB3-\MAIN.ASM 70 : Found opcode in column 1. (XORWF)
Warning[203] D:\MAX\PIC16F877A-LAB3-\MAIN.ASM 71 : Found opcode in column 1. (RETFIE)
Warning[207] D:\MAX\PIC16F877A-LAB3-\MAIN.ASM 84 : Found label after column 1. (WAITBUTTON)
Warning[203] D:\MAX\PIC16F877A-LAB3-\MAIN.ASM 117 : Found opcode in column 1. (GOTO)
Warning[207] D:\MAX\PIC16F877A-LAB3-\MAIN.ASM 128 : Found label after column 1. (loop0)
Warning[207] D:\MAX\PIC16F877A-LAB3-\MAIN.ASM 130 : Found label after column 1. (loop1)
Warning[207] D:\MAX\PIC16F877A-LAB3-\MAIN.ASM 132 : Found label after column 1. (loop2)
Warning[203] D:\MAX\PIC16F877A-LAB3-\MAIN.ASM 140 : Found opcode in column 1. (RETURN)
Warning[205] D:\MAX\PIC16F877A-LAB3-\MAIN.ASM 142 : Found directive in column 1. (END)
